slurmstepd: error: execve(): —cpu_bind=cores: No such file or directory
slurmstepd: error: execve(): —cpu_bind=cores: No such file or directory
slurmstepd: error: execve(): —cpu_bind=cores: No such file or directory
slurmstepd: error: execve(): —cpu_bind=cores: No such file or directory
slurmstepd: error: execve(): —cpu_bind=cores: No such file or directory
slurmstepd: error: execve(): —cpu_bind=cores: No such file or directory
slurmstepd: error: execve(): —cpu_bind=cores: No such file or directory
slurmstepd: error: execve(): —cpu_bind=cores: No such file or directory
slurmstepd: error: execve(): —cpu_bind=cores: No such file or directory
slurmstepd: error: execve(): —cpu_bind=cores: No such file or directory
slurmstepd: error: execve(): —cpu_bind=cores: No such file or directory
slurmstepd: error: execve(): —cpu_bind=cores: No such file or directory
slurmstepd: error: execve(): —cpu_bind=cores: No such file or directory
slurmstepd: error: execve(): —cpu_bind=cores: No such file or directory
slurmstepd: error: execve(): —cpu_bind=cores: No such file or directory
slurmstepd: error: execve(): —cpu_bind=cores: No such file or directory
slurmstepd: error: execve(): —cpu_bind=cores: No such file or directory
slurmstepd: error: execve(): —cpu_bind=cores: No such file or directory
slurmstepd: error: execve(): —cpu_bind=cores: No such file or directory
slurmstepd: error: execve(): —cpu_bind=cores: No such file or directory
slurmstepd: error: execve(): —cpu_bind=cores: No such file or directory
slurmstepd: error: execve(): —cpu_bind=cores: No such file or directory
slurmstepd: error: execve(): —cpu_bind=cores: No such file or directory
slurmstepd: error: execve(): —cpu_bind=cores: No such file or directory
slurmstepd: error: execve(): —cpu_bind=cores: No such file or directory
slurmstepd: error: execve(): —cpu_bind=cores: No such file or directory
slurmstepd: error: execve(): —cpu_bind=cores: No such file or directory
slurmstepd: error: execve(): —cpu_bind=cores: No such file or directory
slurmstepd: error: execve(): —cpu_bind=cores: No such file or directory
slurmstepd: error: execve(): —cpu_bind=cores: No such file or directory
slurmstepd: error: execve(): —cpu_bind=cores: No such file or directory
slurmstepd: error: execve(): —cpu_bind=cores: No such file or directory
slurmstepd: error: execve(): —cpu_bind=cores: No such file or directory
slurmstepd: error: execve(): —cpu_bind=cores: No such file or directory
srun: error: nid004243: tasks 3,13,21,23,25,29,33,35,37-39,41,49,51,53,55,57,59,62-63,65,73,75,79,81,92,95,99,105,110-111,113,117,121: Exited with exit code 2
srun: Terminating StepId=25951469.0
slurmstepd: error: execve(): —cpu_bind=cores: No such file or directory
slurmstepd: error: execve(): —cpu_bind=cores: No such file or directory
slurmstepd: error: execve(): —cpu_bind=cores: No such file or directory
slurmstepd: error: execve(): —cpu_bind=cores: No such file or directory
slurmstepd: error: execve(): —cpu_bind=cores: No such file or directory
slurmstepd: error: execve(): —cpu_bind=cores: No such file or directory
slurmstepd: error: execve(): —cpu_bind=cores: No such file or directory
slurmstepd: error: execve(): —cpu_bind=cores: No such file or directory
slurmstepd: error: execve(): —cpu_bind=cores: No such file or directory
slurmstepd: error: execve(): —cpu_bind=cores: No such file or directory
slurmstepd: error: execve(): —cpu_bind=cores: No such file or directory
slurmstepd: error: execve(): —cpu_bind=cores: No such file or directory
slurmstepd: error: execve(): —cpu_bind=cores: No such file or directory
slurmstepd: error: execve(): —cpu_bind=cores: No such file or directory
slurmstepd: error: execve(): —cpu_bind=cores: No such file or directory
slurmstepd: error: execve(): —cpu_bind=cores: No such file or directory
slurmstepd: error: execve(): —cpu_bind=cores: No such file or directory
slurmstepd: error: execve(): —cpu_bind=cores: No such file or directory
slurmstepd: error: execve(): —cpu_bind=cores: No such file or directory
slurmstepd: error: execve(): —cpu_bind=cores: No such file or directory
slurmstepd: error: execve(): —cpu_bind=cores: No such file or directory
slurmstepd: error: execve(): —cpu_bind=cores: No such file or directory
slurmstepd: error: execve(): —cpu_bind=cores: No such file or directory
slurmstepd: error: execve(): —cpu_bind=cores: No such file or directory
slurmstepd: error: execve(): —cpu_bind=cores: No such file or directory
slurmstepd: error: execve(): —cpu_bind=cores: No such file or directory
slurmstepd: error: execve(): —cpu_bind=cores: No such file or directory
slurmstepd: error: execve(): —cpu_bind=cores: No such file or directory
slurmstepd: error: execve(): —cpu_bind=cores: No such file or directory
slurmstepd: error: execve(): —cpu_bind=cores: No such file or directory
slurmstepd: error: execve(): —cpu_bind=cores: No such file or directory
slurmstepd: error: execve(): —cpu_bind=cores: No such file or directory
slurmstepd: error: execve(): —cpu_bind=cores: No such file or directory
slurmstepd: error: execve(): —cpu_bind=cores: No such file or directory
slurmstepd: error: execve(): —cpu_bind=cores: No such file or directory
slurmstepd: error: execve(): —cpu_bind=cores: No such file or directory
slurmstepd: error: execve(): —cpu_bind=cores: No such file or directory
slurmstepd: error: execve(): —cpu_bind=cores: No such file or directory
slurmstepd: error: execve(): —cpu_bind=cores: No such file or directory
slurmstepd: error: execve(): —cpu_bind=cores: No such file or directory
slurmstepd: error: execve(): —cpu_bind=cores: No such file or directory
slurmstepd: error: execve(): —cpu_bind=cores: No such file or directory
slurmstepd: error: execve(): —cpu_bind=cores: No such file or directory
slurmstepd: error: execve(): —cpu_bind=cores: No such file or directory
slurmstepd: error: execve(): —cpu_bind=cores: No such file or directory
slurmstepd: error: execve(): —cpu_bind=cores: No such file or directory
slurmstepd: error: execve(): —cpu_bind=cores: No such file or directory
slurmstepd: error: execve(): —cpu_bind=cores: No such file or directory
slurmstepd: error: execve(): —cpu_bind=cores: No such file or directory
slurmstepd: error: execve(): —cpu_bind=cores: No such file or directory
slurmstepd: error: execve(): —cpu_bind=cores: No such file or directory
slurmstepd: error: execve(): —cpu_bind=cores: No such file or directory
slurmstepd: error: execve(): —cpu_bind=cores: No such file or directory
slurmstepd: error: execve(): —cpu_bind=cores: No such file or directory
slurmstepd: error: execve(): —cpu_bind=cores: No such file or directory
slurmstepd: error: execve(): —cpu_bind=cores: No such file or directory
slurmstepd: error: execve(): —cpu_bind=cores: No such file or directory
slurmstepd: error: execve(): —cpu_bind=cores: No such file or directory
slurmstepd: error: execve(): —cpu_bind=cores: No such file or directory
slurmstepd: error: execve(): —cpu_bind=cores: No such file or directory
slurmstepd: error: execve(): —cpu_bind=cores: No such file or directory
slurmstepd: error: execve(): —cpu_bind=cores: No such file or directory
slurmstepd: error: execve(): —cpu_bind=cores: No such file or directory
slurmstepd: error: execve(): —cpu_bind=cores: No such file or directory
slurmstepd: error: execve(): —cpu_bind=cores: No such file or directory
slurmstepd: error: execve(): —cpu_bind=cores: No such file or directory
slurmstepd: error: execve(): —cpu_bind=cores: No such file or directory
slurmstepd: error: execve(): —cpu_bind=cores: No such file or directory
slurmstepd: error: execve(): —cpu_bind=cores: No such file or directory
slurmstepd: error: execve(): —cpu_bind=cores: No such file or directory
slurmstepd: error: execve(): —cpu_bind=cores: No such file or directory
slurmstepd: error: execve(): —cpu_bind=cores: No such file or directory
slurmstepd: error: execve(): —cpu_bind=cores: No such file or directory
slurmstepd: error: execve(): —cpu_bind=cores: No such file or directory
slurmstepd: error: execve(): —cpu_bind=cores: No such file or directory
slurmstepd: error: execve(): —cpu_bind=cores: No such file or directory
slurmstepd: error: execve(): —cpu_bind=cores: No such file or directory
slurmstepd: error: execve(): —cpu_bind=cores: No such file or directory
slurmstepd: error: execve(): —cpu_bind=cores: No such file or directory
slurmstepd: error: execve(): —cpu_bind=cores: No such file or directory
slurmstepd: error: execve(): —cpu_bind=cores: No such file or directory
slurmstepd: error: execve(): —cpu_bind=cores: No such file or directory
slurmstepd: error: execve(): —cpu_bind=cores: No such file or directory
slurmstepd: error: execve(): —cpu_bind=cores: No such file or directory
slurmstepd: error: execve(): —cpu_bind=cores: No such file or directory
slurmstepd: error: execve(): —cpu_bind=cores: No such file or directory
slurmstepd: error: execve(): —cpu_bind=cores: No such file or directory
slurmstepd: error: execve(): —cpu_bind=cores: No such file or directory
slurmstepd: error: execve(): —cpu_bind=cores: No such file or directory
slurmstepd: error: execve(): —cpu_bind=cores: No such file or directory
slurmstepd: error: execve(): —cpu_bind=cores: No such file or directory
slurmstepd: error: execve(): —cpu_bind=cores: No such file or directory
slurmstepd: error: execve(): —cpu_bind=cores: No such file or directory
slurmstepd: error: execve(): —cpu_bind=cores: No such file or directory
slurmstepd: error: *** STEP 25951469.0 ON nid004243 CANCELLED AT 2024-05-23T16:01:32 ***
srun: error: nid004243: tasks 0-2,4-12,14-20,22,24,26-28,30-32,34,36,40,42-48,50,52,54,56,58,60-61,64,66-72,74,76-78,80,82-91,93-94,96-98,100-104,106-109,112,114-116,118-120,122-127: Exited with exit code 2
Opened Files
Traceback (most recent call last):
  File "/pscratch/sd/p/plutzner/E3SM/databuilder/nino_indices.py", line 91, in <module>
    ninox0101 = NinoIndices('0101', averaginglength = 5)
  File "/pscratch/sd/p/plutzner/E3SM/databuilder/nino_indices.py", line 53, in NinoIndices
    TS3_4 = _extractregion(da, nino_boxbounds[0,:])
NameError: name '_extractregion' is not defined
“PROGRAM COMPLETE”
