slurmstepd: error: execve(): —cpu_bind=cores: No such file or directory
slurmstepd: error: execve(): —cpu_bind=cores: No such file or directory
slurmstepd: error: execve(): —cpu_bind=cores: No such file or directory
slurmstepd: error: execve(): —cpu_bind=cores: No such file or directory
slurmstepd: error: execve(): —cpu_bind=cores: No such file or directory
slurmstepd: error: execve(): —cpu_bind=cores: No such file or directory
slurmstepd: error: execve(): —cpu_bind=cores: No such file or directory
slurmstepd: error: execve(): —cpu_bind=cores: No such file or directory
slurmstepd: error: execve(): —cpu_bind=cores: No such file or directory
slurmstepd: error: execve(): —cpu_bind=cores: No such file or directory
slurmstepd: error: execve(): —cpu_bind=cores: No such file or directory
slurmstepd: error: execve(): —cpu_bind=cores: No such file or directory
slurmstepd: error: execve(): —cpu_bind=cores: No such file or directory
slurmstepd: error: execve(): —cpu_bind=cores: No such file or directory
slurmstepd: error: execve(): —cpu_bind=cores: No such file or directory
slurmstepd: error: execve(): —cpu_bind=cores: No such file or directory
slurmstepd: error: execve(): —cpu_bind=cores: No such file or directory
slurmstepd: error: execve(): —cpu_bind=cores: No such file or directory
slurmstepd: error: execve(): —cpu_bind=cores: No such file or directory
slurmstepd: error: execve(): —cpu_bind=cores: No such file or directory
slurmstepd: error: execve(): —cpu_bind=cores: No such file or directory
slurmstepd: error: execve(): —cpu_bind=cores: No such file or directory
slurmstepd: error: execve(): —cpu_bind=cores: No such file or directory
slurmstepd: error: execve(): —cpu_bind=cores: No such file or directory
slurmstepd: error: execve(): —cpu_bind=cores: No such file or directory
slurmstepd: error: execve(): —cpu_bind=cores: No such file or directory
slurmstepd: error: execve(): —cpu_bind=cores: No such file or directory
slurmstepd: error: execve(): —cpu_bind=cores: No such file or directory
slurmstepd: error: execve(): —cpu_bind=cores: No such file or directory
slurmstepd: error: execve(): —cpu_bind=cores: No such file or directory
slurmstepd: error: execve(): —cpu_bind=cores: No such file or directory
slurmstepd: error: execve(): —cpu_bind=cores: No such file or directory
slurmstepd: error: execve(): —cpu_bind=cores: No such file or directory
slurmstepd: error: execve(): —cpu_bind=cores: No such file or directory
slurmstepd: error: execve(): —cpu_bind=cores: No such file or directory
slurmstepd: error: execve(): —cpu_bind=cores: No such file or directory
slurmstepd: error: execve(): —cpu_bind=cores: No such file or directory
slurmstepd: error: execve(): —cpu_bind=cores: No such file or directory
slurmstepd: error: execve(): —cpu_bind=cores: No such file or directory
slurmstepd: error: execve(): —cpu_bind=cores: No such file or directory
slurmstepd: error: execve(): —cpu_bind=cores: No such file or directory
slurmstepd: error: execve(): —cpu_bind=cores: No such file or directory
slurmstepd: error: execve(): —cpu_bind=cores: No such file or directory
slurmstepd: error: execve(): —cpu_bind=cores: No such file or directory
slurmstepd: error: execve(): —cpu_bind=cores: No such file or directory
slurmstepd: error: execve(): —cpu_bind=cores: No such file or directory
slurmstepd: error: execve(): —cpu_bind=cores: No such file or directory
slurmstepd: error: execve(): —cpu_bind=cores: No such file or directory
slurmstepd: error: execve(): —cpu_bind=cores: No such file or directory
slurmstepd: error: execve(): —cpu_bind=cores: No such file or directory
slurmstepd: error: execve(): —cpu_bind=cores: No such file or directory
slurmstepd: error: execve(): —cpu_bind=cores: No such file or directory
slurmstepd: error: execve(): —cpu_bind=cores: No such file or directory
slurmstepd: error: execve(): —cpu_bind=cores: No such file or directory
slurmstepd: error: execve(): —cpu_bind=cores: No such file or directory
slurmstepd: error: execve(): —cpu_bind=cores: No such file or directory
slurmstepd: error: execve(): —cpu_bind=cores: No such file or directory
slurmstepd: error: execve(): —cpu_bind=cores: No such file or directory
slurmstepd: error: execve(): —cpu_bind=cores: No such file or directory
slurmstepd: error: execve(): —cpu_bind=cores: No such file or directory
slurmstepd: error: execve(): —cpu_bind=cores: No such file or directory
slurmstepd: error: execve(): —cpu_bind=cores: No such file or directory
slurmstepd: error: execve(): —cpu_bind=cores: No such file or directory
slurmstepd: error: execve(): —cpu_bind=cores: No such file or directory
slurmstepd: error: execve(): —cpu_bind=cores: No such file or directory
slurmstepd: error: execve(): —cpu_bind=cores: No such file or directory
slurmstepd: error: execve(): —cpu_bind=cores: No such file or directory
slurmstepd: error: execve(): —cpu_bind=cores: No such file or directory
slurmstepd: error: execve(): —cpu_bind=cores: No such file or directory
slurmstepd: error: execve(): —cpu_bind=cores: No such file or directory
slurmstepd: error: execve(): —cpu_bind=cores: No such file or directory
slurmstepd: error: execve(): —cpu_bind=cores: No such file or directory
slurmstepd: error: execve(): —cpu_bind=cores: No such file or directory
slurmstepd: error: execve(): —cpu_bind=cores: No such file or directory
slurmstepd: error: execve(): —cpu_bind=cores: No such file or directory
slurmstepd: error: execve(): —cpu_bind=cores: No such file or directory
slurmstepd: error: execve(): —cpu_bind=cores: No such file or directory
slurmstepd: error: execve(): —cpu_bind=cores: No such file or directory
slurmstepd: error: execve(): —cpu_bind=cores: No such file or directory
slurmstepd: error: execve(): —cpu_bind=cores: No such file or directory
slurmstepd: error: execve(): —cpu_bind=cores: No such file or directory
slurmstepd: error: execve(): —cpu_bind=cores: No such file or directory
slurmstepd: error: execve(): —cpu_bind=cores: No such file or directory
slurmstepd: error: execve(): —cpu_bind=cores: No such file or directory
slurmstepd: error: execve(): —cpu_bind=cores: No such file or directory
slurmstepd: error: execve(): —cpu_bind=cores: No such file or directory
slurmstepd: error: execve(): —cpu_bind=cores: No such file or directory
slurmstepd: error: execve(): —cpu_bind=cores: No such file or directory
slurmstepd: error: execve(): —cpu_bind=cores: No such file or directory
slurmstepd: error: execve(): —cpu_bind=cores: No such file or directory
slurmstepd: error: execve(): —cpu_bind=cores: No such file or directory
slurmstepd: error: execve(): —cpu_bind=cores: No such file or directory
slurmstepd: error: execve(): —cpu_bind=cores: No such file or directory
slurmstepd: error: execve(): —cpu_bind=cores: No such file or directory
slurmstepd: error: execve(): —cpu_bind=cores: No such file or directory
slurmstepd: error: execve(): —cpu_bind=cores: No such file or directory
slurmstepd: error: execve(): —cpu_bind=cores: No such file or directory
slurmstepd: error: execve(): —cpu_bind=cores: No such file or directory
slurmstepd: error: execve(): —cpu_bind=cores: No such file or directory
slurmstepd: error: execve(): —cpu_bind=cores: No such file or directory
slurmstepd: error: execve(): —cpu_bind=cores: No such file or directory
slurmstepd: error: execve(): —cpu_bind=cores: No such file or directory
slurmstepd: error: execve(): —cpu_bind=cores: No such file or directory
slurmstepd: error: execve(): —cpu_bind=cores: No such file or directory
slurmstepd: error: execve(): —cpu_bind=cores: No such file or directory
slurmstepd: error: execve(): —cpu_bind=cores: No such file or directory
slurmstepd: error: execve(): —cpu_bind=cores: No such file or directory
slurmstepd: error: execve(): —cpu_bind=cores: No such file or directory
slurmstepd: error: execve(): —cpu_bind=cores: No such file or directory
slurmstepd: error: execve(): —cpu_bind=cores: No such file or directory
slurmstepd: error: execve(): —cpu_bind=cores: No such file or directory
slurmstepd: error: execve(): —cpu_bind=cores: No such file or directory
slurmstepd: error: execve(): —cpu_bind=cores: No such file or directory
slurmstepd: error: execve(): —cpu_bind=cores: No such file or directory
slurmstepd: error: execve(): —cpu_bind=cores: No such file or directory
slurmstepd: error: execve(): —cpu_bind=cores: No such file or directory
slurmstepd: error: execve(): —cpu_bind=cores: No such file or directory
slurmstepd: error: execve(): —cpu_bind=cores: No such file or directory
slurmstepd: error: execve(): —cpu_bind=cores: No such file or directory
slurmstepd: error: execve(): —cpu_bind=cores: No such file or directory
slurmstepd: error: execve(): —cpu_bind=cores: No such file or directory
slurmstepd: error: execve(): —cpu_bind=cores: No such file or directory
slurmstepd: error: execve(): —cpu_bind=cores: No such file or directory
slurmstepd: error: execve(): —cpu_bind=cores: No such file or directory
slurmstepd: error: execve(): —cpu_bind=cores: No such file or directory
slurmstepd: error: execve(): —cpu_bind=cores: No such file or directory
slurmstepd: error: execve(): —cpu_bind=cores: No such file or directory
slurmstepd: error: execve(): —cpu_bind=cores: No such file or directory
srun: error: nid004449: tasks 0-127: Exited with exit code 2
srun: Terminating StepId=25952000.0
Opened Files
Region Extracted
Weighted mean calculated
Shape is 1
Seasonal Cycle Removed
Rolling Average calculated
File will be saved to: /pscratch/sd/p/plutzner/E3SM/E3SMv2data/member0101/member0101.Nino34.nc
Weighted mean calculated
Shape is 1
Seasonal Cycle Removed
Rolling Average calculated
File will be saved to: /pscratch/sd/p/plutzner/E3SM/E3SMv2data/member0101/member0101.Nino12.nc
Weighted mean calculated
Shape is 1
Seasonal Cycle Removed
Rolling Average calculated
File will be saved to: /pscratch/sd/p/plutzner/E3SM/E3SMv2data/member0101/member0101.Nino3.nc
Weighted mean calculated
Shape is 1
Seasonal Cycle Removed
Rolling Average calculated
File will be saved to: /pscratch/sd/p/plutzner/E3SM/E3SMv2data/member0101/member0101.Nino4.nc
“PROGRAM COMPLETE”
