/var/spool/slurmd/job25930488/slurm_script: line 11: source: filename argument required
source: usage: source filename [arguments]
/var/spool/slurmd/job25930488/slurm_script: line 12: /global/common/software/e3sm/anaconda_envs/load_latest_e3sm_unified_pm-cpu.csh: Permission denied
slurmstepd: error: execve(): —cpu_bind=cores: No such file or directory
slurmstepd: error: execve(): —cpu_bind=cores: No such file or directory
slurmstepd: error: execve(): —cpu_bind=cores: No such file or directory
slurmstepd: error: execve(): —cpu_bind=cores: No such file or directory
slurmstepd: error: execve(): —cpu_bind=cores: No such file or directory
slurmstepd: error: execve(): —cpu_bind=cores: No such file or directory
slurmstepd: error: execve(): —cpu_bind=cores: No such file or directory
slurmstepd: error: execve(): —cpu_bind=cores: No such file or directory
slurmstepd: error: execve(): —cpu_bind=cores: No such file or directory
slurmstepd: error: execve(): —cpu_bind=cores: No such file or directory
slurmstepd: error: execve(): —cpu_bind=cores: No such file or directory
slurmstepd: error: execve(): —cpu_bind=cores: No such file or directory
slurmstepd: error: execve(): —cpu_bind=cores: No such file or directory
slurmstepd: error: execve(): —cpu_bind=cores: No such file or directory
srun: error: nid005416: tasks 0-8,10,12,14,33,56: Exited with exit code 2
srun: Terminating StepId=25930488.0
slurmstepd: error: execve(): —cpu_bind=cores: No such file or directory
slurmstepd: error: execve(): —cpu_bind=cores: No such file or directory
slurmstepd: error: execve(): —cpu_bind=cores: No such file or directory
slurmstepd: error: execve(): —cpu_bind=cores: No such file or directory
slurmstepd: error: execve(): —cpu_bind=cores: No such file or directory
slurmstepd: error: execve(): —cpu_bind=cores: No such file or directory
slurmstepd: error: execve(): —cpu_bind=cores: No such file or directory
slurmstepd: error: execve(): —cpu_bind=cores: No such file or directory
slurmstepd: error: execve(): —cpu_bind=cores: No such file or directory
slurmstepd: error: execve(): —cpu_bind=cores: No such file or directory
slurmstepd: error: execve(): —cpu_bind=cores: No such file or directory
slurmstepd: error: execve(): —cpu_bind=cores: No such file or directory
slurmstepd: error: execve(): —cpu_bind=cores: No such file or directory
slurmstepd: error: execve(): —cpu_bind=cores: No such file or directory
slurmstepd: error: execve(): —cpu_bind=cores: No such file or directory
slurmstepd: error: execve(): —cpu_bind=cores: No such file or directory
slurmstepd: error: execve(): —cpu_bind=cores: No such file or directory
slurmstepd: error: execve(): —cpu_bind=cores: No such file or directory
slurmstepd: error: execve(): —cpu_bind=cores: No such file or directory
slurmstepd: error: execve(): —cpu_bind=cores: No such file or directory
slurmstepd: error: execve(): —cpu_bind=cores: No such file or directory
slurmstepd: error: execve(): —cpu_bind=cores: No such file or directory
slurmstepd: error: execve(): —cpu_bind=cores: No such file or directory
slurmstepd: error: execve(): —cpu_bind=cores: No such file or directory
slurmstepd: error: execve(): —cpu_bind=cores: No such file or directory
slurmstepd: error: execve(): —cpu_bind=cores: No such file or directory
slurmstepd: error: execve(): —cpu_bind=cores: No such file or directory
slurmstepd: error: execve(): —cpu_bind=cores: No such file or directory
slurmstepd: error: execve(): —cpu_bind=cores: No such file or directory
slurmstepd: error: execve(): —cpu_bind=cores: No such file or directory
slurmstepd: error: execve(): —cpu_bind=cores: No such file or directory
slurmstepd: error: execve(): —cpu_bind=cores: No such file or directory
slurmstepd: error: execve(): —cpu_bind=cores: No such file or directory
slurmstepd: error: execve(): —cpu_bind=cores: No such file or directory
slurmstepd: error: execve(): —cpu_bind=cores: No such file or directory
slurmstepd: error: execve(): —cpu_bind=cores: No such file or directory
slurmstepd: error: execve(): —cpu_bind=cores: No such file or directory
slurmstepd: error: execve(): —cpu_bind=cores: No such file or directory
slurmstepd: error: execve(): —cpu_bind=cores: No such file or directory
slurmstepd: error: execve(): —cpu_bind=cores: No such file or directory
slurmstepd: error: execve(): —cpu_bind=cores: No such file or directory
slurmstepd: error: execve(): —cpu_bind=cores: No such file or directory
slurmstepd: error: execve(): —cpu_bind=cores: No such file or directory
slurmstepd: error: execve(): —cpu_bind=cores: No such file or directory
slurmstepd: error: execve(): —cpu_bind=cores: No such file or directory
slurmstepd: error: execve(): —cpu_bind=cores: No such file or directory
slurmstepd: error: execve(): —cpu_bind=cores: No such file or directory
slurmstepd: error: execve(): —cpu_bind=cores: No such file or directory
slurmstepd: error: execve(): —cpu_bind=cores: No such file or directory
slurmstepd: error: execve(): —cpu_bind=cores: No such file or directory
slurmstepd: error: execve(): —cpu_bind=cores: No such file or directory
slurmstepd: error: execve(): —cpu_bind=cores: No such file or directory
slurmstepd: error: execve(): —cpu_bind=cores: No such file or directory
slurmstepd: error: execve(): —cpu_bind=cores: No such file or directory
slurmstepd: error: execve(): —cpu_bind=cores: No such file or directory
slurmstepd: error: execve(): —cpu_bind=cores: No such file or directory
slurmstepd: error: execve(): —cpu_bind=cores: No such file or directory
slurmstepd: error: execve(): —cpu_bind=cores: No such file or directory
slurmstepd: error: execve(): —cpu_bind=cores: No such file or directory
slurmstepd: error: execve(): —cpu_bind=cores: No such file or directory
slurmstepd: error: execve(): —cpu_bind=cores: No such file or directory
slurmstepd: error: execve(): —cpu_bind=cores: No such file or directory
slurmstepd: error: execve(): —cpu_bind=cores: No such file or directory
slurmstepd: error: execve(): —cpu_bind=cores: No such file or directory
slurmstepd: error: execve(): —cpu_bind=cores: No such file or directory
slurmstepd: error: execve(): —cpu_bind=cores: No such file or directory
slurmstepd: error: execve(): —cpu_bind=cores: No such file or directory
slurmstepd: error: execve(): —cpu_bind=cores: No such file or directory
slurmstepd: error: execve(): —cpu_bind=cores: No such file or directory
slurmstepd: error: execve(): —cpu_bind=cores: No such file or directory
slurmstepd: error: execve(): —cpu_bind=cores: No such file or directory
slurmstepd: error: execve(): —cpu_bind=cores: No such file or directory
slurmstepd: error: execve(): —cpu_bind=cores: No such file or directory
slurmstepd: error: execve(): —cpu_bind=cores: No such file or directory
slurmstepd: error: execve(): —cpu_bind=cores: No such file or directory
slurmstepd: error: execve(): —cpu_bind=cores: No such file or directory
slurmstepd: error: execve(): —cpu_bind=cores: No such file or directory
slurmstepd: error: execve(): —cpu_bind=cores: No such file or directory
slurmstepd: error: execve(): —cpu_bind=cores: No such file or directory
slurmstepd: error: execve(): —cpu_bind=cores: No such file or directory
slurmstepd: error: execve(): —cpu_bind=cores: No such file or directory
slurmstepd: error: execve(): —cpu_bind=cores: No such file or directory
slurmstepd: error: execve(): —cpu_bind=cores: No such file or directory
slurmstepd: error: execve(): —cpu_bind=cores: No such file or directory
slurmstepd: error: execve(): —cpu_bind=cores: No such file or directory
slurmstepd: error: execve(): —cpu_bind=cores: No such file or directory
slurmstepd: error: execve(): —cpu_bind=cores: No such file or directory
slurmstepd: error: execve(): —cpu_bind=cores: No such file or directory
slurmstepd: error: execve(): —cpu_bind=cores: No such file or directory
slurmstepd: error: execve(): —cpu_bind=cores: No such file or directory
slurmstepd: error: execve(): —cpu_bind=cores: No such file or directory
slurmstepd: error: execve(): —cpu_bind=cores: No such file or directory
slurmstepd: error: execve(): —cpu_bind=cores: No such file or directory
slurmstepd: error: execve(): —cpu_bind=cores: No such file or directory
slurmstepd: error: execve(): —cpu_bind=cores: No such file or directory
slurmstepd: error: execve(): —cpu_bind=cores: No such file or directory
slurmstepd: error: execve(): —cpu_bind=cores: No such file or directory
slurmstepd: error: execve(): —cpu_bind=cores: No such file or directory
slurmstepd: error: execve(): —cpu_bind=cores: No such file or directory
slurmstepd: error: execve(): —cpu_bind=cores: No such file or directory
slurmstepd: error: execve(): —cpu_bind=cores: No such file or directory
slurmstepd: error: execve(): —cpu_bind=cores: No such file or directory
slurmstepd: error: execve(): —cpu_bind=cores: No such file or directory
slurmstepd: error: execve(): —cpu_bind=cores: No such file or directory
slurmstepd: error: execve(): —cpu_bind=cores: No such file or directory
slurmstepd: error: execve(): —cpu_bind=cores: No such file or directory
slurmstepd: error: execve(): —cpu_bind=cores: No such file or directory
slurmstepd: error: execve(): —cpu_bind=cores: No such file or directory
slurmstepd: error: execve(): —cpu_bind=cores: No such file or directory
slurmstepd: error: execve(): —cpu_bind=cores: No such file or directory
slurmstepd: error: execve(): —cpu_bind=cores: No such file or directory
slurmstepd: error: execve(): —cpu_bind=cores: No such file or directory
slurmstepd: error: execve(): —cpu_bind=cores: No such file or directory
slurmstepd: error: execve(): —cpu_bind=cores: No such file or directory
slurmstepd: error: *** STEP 25930488.0 ON nid005416 CANCELLED AT 2024-05-22T20:47:32 ***
srun: error: nid005416: tasks 9,11,13,15-32,34-55,57-127: Exited with exit code 2
Invalid null command.
Output will be saved to: /pscratch/sd/p/plutzner/E3SM/E3SMv2data/member0101/monthly_bilinear/v2.LR.historical_0101.eam.h0.1866-02.bil.nc
Input #00: /pscratch/sd/q/qinyi/E3SMv2_init/v2.LR.historical_0101/archive/atm/hist/v2.LR.historical_0101.eam.h0.1866-02.nc
Map/Wgt  : /pscratch/sd/p/plma/shared/for_jolan/map_ne30pg2_to_cmip6_180x360_bilin.20230823.nc
“PROGRAM COMPLETE”
