/var/spool/slurmd/job25930501/slurm_script: line 11: source: filename argument required
source: usage: source filename [arguments]
/var/spool/slurmd/job25930501/slurm_script: line 12: /global/common/software/e3sm/anaconda_envs/load_latest_e3sm_unified_pm-cpu.csh: Permission denied
slurmstepd: error: execve(): —cpu_bind=cores: No such file or directory
slurmstepd: error: execve(): —cpu_bind=cores: No such file or directory
slurmstepd: error: execve(): —cpu_bind=cores: No such file or directory
slurmstepd: error: execve(): —cpu_bind=cores: No such file or directory
slurmstepd: error: execve(): —cpu_bind=cores: No such file or directory
slurmstepd: error: execve(): —cpu_bind=cores: No such file or directory
slurmstepd: error: execve(): —cpu_bind=cores: No such file or directory
slurmstepd: error: execve(): —cpu_bind=cores: No such file or directory
slurmstepd: error: execve(): —cpu_bind=cores: No such file or directory
slurmstepd: error: execve(): —cpu_bind=cores: No such file or directory
slurmstepd: error: execve(): —cpu_bind=cores: No such file or directory
slurmstepd: error: execve(): —cpu_bind=cores: No such file or directory
slurmstepd: error: execve(): —cpu_bind=cores: No such file or directory
slurmstepd: error: execve(): —cpu_bind=cores: No such file or directory
slurmstepd: error: execve(): —cpu_bind=cores: No such file or directory
slurmstepd: error: execve(): —cpu_bind=cores: No such file or directory
slurmstepd: error: execve(): —cpu_bind=cores: No such file or directory
slurmstepd: error: execve(): —cpu_bind=cores: No such file or directory
slurmstepd: error: execve(): —cpu_bind=cores: No such file or directory
slurmstepd: error: execve(): —cpu_bind=cores: No such file or directory
slurmstepd: error: execve(): —cpu_bind=cores: No such file or directory
slurmstepd: error: execve(): —cpu_bind=cores: No such file or directory
slurmstepd: error: execve(): —cpu_bind=cores: No such file or directory
slurmstepd: error: execve(): —cpu_bind=cores: No such file or directory
slurmstepd: error: execve(): —cpu_bind=cores: No such file or directory
slurmstepd: error: execve(): —cpu_bind=cores: No such file or directory
slurmstepd: error: execve(): —cpu_bind=cores: No such file or directory
slurmstepd: error: execve(): —cpu_bind=cores: No such file or directory
slurmstepd: error: execve(): —cpu_bind=cores: No such file or directory
slurmstepd: error: execve(): —cpu_bind=cores: No such file or directory
slurmstepd: error: execve(): —cpu_bind=cores: No such file or directory
slurmstepd: error: execve(): —cpu_bind=cores: No such file or directory
slurmstepd: error: execve(): —cpu_bind=cores: No such file or directory
slurmstepd: error: execve(): —cpu_bind=cores: No such file or directory
slurmstepd: error: execve(): —cpu_bind=cores: No such file or directory
slurmstepd: error: execve(): —cpu_bind=cores: No such file or directory
slurmstepd: error: execve(): —cpu_bind=cores: No such file or directory
slurmstepd: error: execve(): —cpu_bind=cores: No such file or directory
slurmstepd: error: execve(): —cpu_bind=cores: No such file or directory
slurmstepd: error: execve(): —cpu_bind=cores: No such file or directory
slurmstepd: error: execve(): —cpu_bind=cores: No such file or directory
slurmstepd: error: execve(): —cpu_bind=cores: No such file or directory
slurmstepd: error: execve(): —cpu_bind=cores: No such file or directory
slurmstepd: error: execve(): —cpu_bind=cores: No such file or directory
slurmstepd: error: execve(): —cpu_bind=cores: No such file or directory
slurmstepd: error: execve(): —cpu_bind=cores: No such file or directory
slurmstepd: error: execve(): —cpu_bind=cores: No such file or directory
slurmstepd: error: execve(): —cpu_bind=cores: No such file or directory
slurmstepd: error: execve(): —cpu_bind=cores: No such file or directory
slurmstepd: error: execve(): —cpu_bind=cores: No such file or directory
slurmstepd: error: execve(): —cpu_bind=cores: No such file or directory
slurmstepd: error: execve(): —cpu_bind=cores: No such file or directory
slurmstepd: error: execve(): —cpu_bind=cores: No such file or directory
slurmstepd: error: execve(): —cpu_bind=cores: No such file or directory
slurmstepd: error: execve(): —cpu_bind=cores: No such file or directory
slurmstepd: error: execve(): —cpu_bind=cores: No such file or directory
slurmstepd: error: execve(): —cpu_bind=cores: No such file or directory
slurmstepd: error: execve(): —cpu_bind=cores: No such file or directory
slurmstepd: error: execve(): —cpu_bind=cores: No such file or directory
slurmstepd: error: execve(): —cpu_bind=cores: No such file or directory
slurmstepd: error: execve(): —cpu_bind=cores: No such file or directory
slurmstepd: error: execve(): —cpu_bind=cores: No such file or directory
slurmstepd: error: execve(): —cpu_bind=cores: No such file or directory
slurmstepd: error: execve(): —cpu_bind=cores: No such file or directory
slurmstepd: error: execve(): —cpu_bind=cores: No such file or directory
slurmstepd: error: execve(): —cpu_bind=cores: No such file or directory
slurmstepd: error: execve(): —cpu_bind=cores: No such file or directory
slurmstepd: error: execve(): —cpu_bind=cores: No such file or directory
slurmstepd: error: execve(): —cpu_bind=cores: No such file or directory
slurmstepd: error: execve(): —cpu_bind=cores: No such file or directory
slurmstepd: error: execve(): —cpu_bind=cores: No such file or directory
slurmstepd: error: execve(): —cpu_bind=cores: No such file or directory
slurmstepd: error: execve(): —cpu_bind=cores: No such file or directory
slurmstepd: error: execve(): —cpu_bind=cores: No such file or directory
slurmstepd: error: execve(): —cpu_bind=cores: No such file or directory
slurmstepd: error: execve(): —cpu_bind=cores: No such file or directory
slurmstepd: error: execve(): —cpu_bind=cores: No such file or directory
slurmstepd: error: execve(): —cpu_bind=cores: No such file or directory
slurmstepd: error: execve(): —cpu_bind=cores: No such file or directory
slurmstepd: error: execve(): —cpu_bind=cores: No such file or directory
slurmstepd: error: execve(): —cpu_bind=cores: No such file or directory
slurmstepd: error: execve(): —cpu_bind=cores: No such file or directory
slurmstepd: error: execve(): —cpu_bind=cores: No such file or directory
slurmstepd: error: execve(): —cpu_bind=cores: No such file or directory
slurmstepd: error: execve(): —cpu_bind=cores: No such file or directory
slurmstepd: error: execve(): —cpu_bind=cores: No such file or directory
slurmstepd: error: execve(): —cpu_bind=cores: No such file or directory
slurmstepd: error: execve(): —cpu_bind=cores: No such file or directory
slurmstepd: error: execve(): —cpu_bind=cores: No such file or directory
slurmstepd: error: execve(): —cpu_bind=cores: No such file or directory
slurmstepd: error: execve(): —cpu_bind=cores: No such file or directory
slurmstepd: error: execve(): —cpu_bind=cores: No such file or directory
slurmstepd: error: execve(): —cpu_bind=cores: No such file or directory
slurmstepd: error: execve(): —cpu_bind=cores: No such file or directory
slurmstepd: error: execve(): —cpu_bind=cores: No such file or directory
slurmstepd: error: execve(): —cpu_bind=cores: No such file or directory
slurmstepd: error: execve(): —cpu_bind=cores: No such file or directory
slurmstepd: error: execve(): —cpu_bind=cores: No such file or directory
slurmstepd: error: execve(): —cpu_bind=cores: No such file or directory
slurmstepd: error: execve(): —cpu_bind=cores: No such file or directory
slurmstepd: error: execve(): —cpu_bind=cores: No such file or directory
slurmstepd: error: execve(): —cpu_bind=cores: No such file or directory
slurmstepd: error: execve(): —cpu_bind=cores: No such file or directory
slurmstepd: error: execve(): —cpu_bind=cores: No such file or directory
slurmstepd: error: execve(): —cpu_bind=cores: No such file or directory
slurmstepd: error: execve(): —cpu_bind=cores: No such file or directory
slurmstepd: error: execve(): —cpu_bind=cores: No such file or directory
slurmstepd: error: execve(): —cpu_bind=cores: No such file or directory
slurmstepd: error: execve(): —cpu_bind=cores: No such file or directory
slurmstepd: error: execve(): —cpu_bind=cores: No such file or directory
slurmstepd: error: execve(): —cpu_bind=cores: No such file or directory
slurmstepd: error: execve(): —cpu_bind=cores: No such file or directory
slurmstepd: error: execve(): —cpu_bind=cores: No such file or directory
slurmstepd: error: execve(): —cpu_bind=cores: No such file or directory
slurmstepd: error: execve(): —cpu_bind=cores: No such file or directory
slurmstepd: error: execve(): —cpu_bind=cores: No such file or directory
slurmstepd: error: execve(): —cpu_bind=cores: No such file or directory
slurmstepd: error: execve(): —cpu_bind=cores: No such file or directory
slurmstepd: error: execve(): —cpu_bind=cores: No such file or directory
slurmstepd: error: execve(): —cpu_bind=cores: No such file or directory
slurmstepd: error: execve(): —cpu_bind=cores: No such file or directory
slurmstepd: error: execve(): —cpu_bind=cores: No such file or directory
slurmstepd: error: execve(): —cpu_bind=cores: No such file or directory
slurmstepd: error: execve(): —cpu_bind=cores: No such file or directory
slurmstepd: error: execve(): —cpu_bind=cores: No such file or directory
slurmstepd: error: execve(): —cpu_bind=cores: No such file or directory
slurmstepd: error: execve(): —cpu_bind=cores: No such file or directory
srun: error: nid005427: tasks 0-63,65-127: Exited with exit code 2
srun: Terminating StepId=25930501.0
slurmstepd: error: execve(): —cpu_bind=cores: No such file or directory
srun: error: nid005427: task 64: Exited with exit code 2
Invalid null command.
Output will be saved to: /pscratch/sd/p/plutzner/E3SM/E3SMv2data/member0201/monthly_bilinear/v2.LR.historical_0201.eam.h0.1923-04.bil.nc
Input #00: /pscratch/sd/q/qinyi/E3SMv2_init/v2.LR.historical_0201/archive/atm/hist/v2.LR.historical_0201.eam.h0.1923-04.nc
Map/Wgt  : /pscratch/sd/p/plma/shared/for_jolan/map_ne30pg2_to_cmip6_180x360_bilin.20230823.nc
“PROGRAM COMPLETE”
