slurmstepd: error: execve(): —cpu_bind=cores: No such file or directory
slurmstepd: error: execve(): —cpu_bind=cores: No such file or directory
slurmstepd: error: execve(): —cpu_bind=cores: No such file or directory
slurmstepd: error: execve(): —cpu_bind=cores: No such file or directory
slurmstepd: error: execve(): —cpu_bind=cores: No such file or directory
slurmstepd: error: execve(): —cpu_bind=cores: No such file or directory
slurmstepd: error: execve(): —cpu_bind=cores: No such file or directory
slurmstepd: error: execve(): —cpu_bind=cores: No such file or directory
slurmstepd: error: execve(): —cpu_bind=cores: No such file or directory
slurmstepd: error: execve(): —cpu_bind=cores: No such file or directory
slurmstepd: error: execve(): —cpu_bind=cores: No such file or directory
slurmstepd: error: execve(): —cpu_bind=cores: No such file or directory
slurmstepd: error: execve(): —cpu_bind=cores: No such file or directory
slurmstepd: error: execve(): —cpu_bind=cores: No such file or directory
slurmstepd: error: execve(): —cpu_bind=cores: No such file or directory
slurmstepd: error: execve(): —cpu_bind=cores: No such file or directory
slurmstepd: error: execve(): —cpu_bind=cores: No such file or directory
slurmstepd: error: execve(): —cpu_bind=cores: No such file or directory
slurmstepd: error: execve(): —cpu_bind=cores: No such file or directory
slurmstepd: error: execve(): —cpu_bind=cores: No such file or directory
slurmstepd: error: execve(): —cpu_bind=cores: No such file or directory
slurmstepd: error: execve(): —cpu_bind=cores: No such file or directory
slurmstepd: error: execve(): —cpu_bind=cores: No such file or directory
slurmstepd: error: execve(): —cpu_bind=cores: No such file or directory
slurmstepd: error: execve(): —cpu_bind=cores: No such file or directory
slurmstepd: error: execve(): —cpu_bind=cores: No such file or directory
slurmstepd: error: execve(): —cpu_bind=cores: No such file or directory
slurmstepd: error: execve(): —cpu_bind=cores: No such file or directory
slurmstepd: error: execve(): —cpu_bind=cores: No such file or directory
slurmstepd: error: execve(): —cpu_bind=cores: No such file or directory
slurmstepd: error: execve(): —cpu_bind=cores: No such file or directory
slurmstepd: error: execve(): —cpu_bind=cores: No such file or directory
slurmstepd: error: execve(): —cpu_bind=cores: No such file or directory
slurmstepd: error: execve(): —cpu_bind=cores: No such file or directory
slurmstepd: error: execve(): —cpu_bind=cores: No such file or directory
slurmstepd: error: execve(): —cpu_bind=cores: No such file or directory
slurmstepd: error: execve(): —cpu_bind=cores: No such file or directory
slurmstepd: error: execve(): —cpu_bind=cores: No such file or directory
slurmstepd: error: execve(): —cpu_bind=cores: No such file or directory
slurmstepd: error: execve(): —cpu_bind=cores: No such file or directory
slurmstepd: error: execve(): —cpu_bind=cores: No such file or directory
slurmstepd: error: execve(): —cpu_bind=cores: No such file or directory
slurmstepd: error: execve(): —cpu_bind=cores: No such file or directory
slurmstepd: error: execve(): —cpu_bind=cores: No such file or directory
slurmstepd: error: execve(): —cpu_bind=cores: No such file or directory
slurmstepd: error: execve(): —cpu_bind=cores: No such file or directory
slurmstepd: error: execve(): —cpu_bind=cores: No such file or directory
slurmstepd: error: execve(): —cpu_bind=cores: No such file or directory
slurmstepd: error: execve(): —cpu_bind=cores: No such file or directory
slurmstepd: error: execve(): —cpu_bind=cores: No such file or directory
slurmstepd: error: execve(): —cpu_bind=cores: No such file or directory
slurmstepd: error: execve(): —cpu_bind=cores: No such file or directory
slurmstepd: error: execve(): —cpu_bind=cores: No such file or directory
slurmstepd: error: execve(): —cpu_bind=cores: No such file or directory
slurmstepd: error: execve(): —cpu_bind=cores: No such file or directory
slurmstepd: error: execve(): —cpu_bind=cores: No such file or directory
slurmstepd: error: execve(): —cpu_bind=cores: No such file or directory
slurmstepd: error: execve(): —cpu_bind=cores: No such file or directory
slurmstepd: error: execve(): —cpu_bind=cores: No such file or directory
slurmstepd: error: execve(): —cpu_bind=cores: No such file or directory
slurmstepd: error: execve(): —cpu_bind=cores: No such file or directory
slurmstepd: error: execve(): —cpu_bind=cores: No such file or directory
slurmstepd: error: execve(): —cpu_bind=cores: No such file or directory
slurmstepd: error: execve(): —cpu_bind=cores: No such file or directory
slurmstepd: error: execve(): —cpu_bind=cores: No such file or directory
slurmstepd: error: execve(): —cpu_bind=cores: No such file or directory
slurmstepd: error: execve(): —cpu_bind=cores: No such file or directory
slurmstepd: error: execve(): —cpu_bind=cores: No such file or directory
slurmstepd: error: execve(): —cpu_bind=cores: No such file or directory
slurmstepd: error: execve(): —cpu_bind=cores: No such file or directory
slurmstepd: error: execve(): —cpu_bind=cores: No such file or directory
slurmstepd: error: execve(): —cpu_bind=cores: No such file or directory
slurmstepd: error: execve(): —cpu_bind=cores: No such file or directory
slurmstepd: error: execve(): —cpu_bind=cores: No such file or directory
slurmstepd: error: execve(): —cpu_bind=cores: No such file or directory
slurmstepd: error: execve(): —cpu_bind=cores: No such file or directory
slurmstepd: error: execve(): —cpu_bind=cores: No such file or directory
slurmstepd: error: execve(): —cpu_bind=cores: No such file or directory
slurmstepd: error: execve(): —cpu_bind=cores: No such file or directory
slurmstepd: error: execve(): —cpu_bind=cores: No such file or directory
slurmstepd: error: execve(): —cpu_bind=cores: No such file or directory
slurmstepd: error: execve(): —cpu_bind=cores: No such file or directory
slurmstepd: error: execve(): —cpu_bind=cores: No such file or directory
slurmstepd: error: execve(): —cpu_bind=cores: No such file or directory
slurmstepd: error: execve(): —cpu_bind=cores: No such file or directory
slurmstepd: error: execve(): —cpu_bind=cores: No such file or directory
slurmstepd: error: execve(): —cpu_bind=cores: No such file or directory
slurmstepd: error: execve(): —cpu_bind=cores: No such file or directory
slurmstepd: error: execve(): —cpu_bind=cores: No such file or directory
slurmstepd: error: execve(): —cpu_bind=cores: No such file or directory
slurmstepd: error: execve(): —cpu_bind=cores: No such file or directory
slurmstepd: error: execve(): —cpu_bind=cores: No such file or directory
slurmstepd: error: execve(): —cpu_bind=cores: No such file or directory
slurmstepd: error: execve(): —cpu_bind=cores: No such file or directory
slurmstepd: error: execve(): —cpu_bind=cores: No such file or directory
slurmstepd: error: execve(): —cpu_bind=cores: No such file or directory
slurmstepd: error: execve(): —cpu_bind=cores: No such file or directory
slurmstepd: error: execve(): —cpu_bind=cores: No such file or directory
slurmstepd: error: execve(): —cpu_bind=cores: No such file or directory
slurmstepd: error: execve(): —cpu_bind=cores: No such file or directory
slurmstepd: error: execve(): —cpu_bind=cores: No such file or directory
slurmstepd: error: execve(): —cpu_bind=cores: No such file or directory
slurmstepd: error: execve(): —cpu_bind=cores: No such file or directory
slurmstepd: error: execve(): —cpu_bind=cores: No such file or directory
slurmstepd: error: execve(): —cpu_bind=cores: No such file or directory
slurmstepd: error: execve(): —cpu_bind=cores: No such file or directory
slurmstepd: error: execve(): —cpu_bind=cores: No such file or directory
slurmstepd: error: execve(): —cpu_bind=cores: No such file or directory
slurmstepd: error: execve(): —cpu_bind=cores: No such file or directory
slurmstepd: error: execve(): —cpu_bind=cores: No such file or directory
slurmstepd: error: execve(): —cpu_bind=cores: No such file or directory
slurmstepd: error: execve(): —cpu_bind=cores: No such file or directory
slurmstepd: error: execve(): —cpu_bind=cores: No such file or directory
slurmstepd: error: execve(): —cpu_bind=cores: No such file or directory
slurmstepd: error: execve(): —cpu_bind=cores: No such file or directory
slurmstepd: error: execve(): —cpu_bind=cores: No such file or directory
slurmstepd: error: execve(): —cpu_bind=cores: No such file or directory
slurmstepd: error: execve(): —cpu_bind=cores: No such file or directory
slurmstepd: error: execve(): —cpu_bind=cores: No such file or directory
slurmstepd: error: execve(): —cpu_bind=cores: No such file or directory
slurmstepd: error: execve(): —cpu_bind=cores: No such file or directory
slurmstepd: error: execve(): —cpu_bind=cores: No such file or directory
slurmstepd: error: execve(): —cpu_bind=cores: No such file or directory
slurmstepd: error: execve(): —cpu_bind=cores: No such file or directory
slurmstepd: error: execve(): —cpu_bind=cores: No such file or directory
slurmstepd: error: execve(): —cpu_bind=cores: No such file or directory
slurmstepd: error: execve(): —cpu_bind=cores: No such file or directory
slurmstepd: error: execve(): —cpu_bind=cores: No such file or directory
srun: error: nid004392: tasks 0-127: Exited with exit code 2
srun: Terminating StepId=25931174.0
/var/spool/slurmd/job25931174/slurm_script: line 16: /pscratch/sd/p/plutzner/E3SM/databuilder/nino_indices.py: Permission denied
“PROGRAM COMPLETE”
